<?xml version="1.0" encoding="UTF-8"?>
<testng-results skipped="0" failed="0" ignored="0" total="1" passed="1">
  <reporter-output>
  </reporter-output>
  <suite name="com.nagarro.nagp.tests.TestHomePage" duration-ms="17036" started-at="2020-03-26T02:58:13Z" finished-at="2020-03-26T02:58:30Z">
    <groups>
    </groups>
    <test name="Command line test" duration-ms="17036" started-at="2020-03-26T02:58:13Z" finished-at="2020-03-26T02:58:30Z">
      <class name="com.nagarro.nagp.tests.TestHomePage">
        <test-method status="PASS" signature="setupSuite()[pri:0, instance:com.nagarro.nagp.tests.TestHomePage@6fadae5d]" name="setupSuite" is-config="true" duration-ms="44436" started-at="2020-03-26T08:27:29Z" finished-at="2020-03-26T08:28:13Z">
          <reporter-output>
          </reporter-output>
        </test-method> <!-- setupSuite -->
        <test-method status="PASS" signature="categorySearchItemCompare()[pri:0, instance:com.nagarro.nagp.tests.TestHomePage@6fadae5d]" name="categorySearchItemCompare" duration-ms="17028" started-at="2020-03-26T08:28:13Z" finished-at="2020-03-26T08:28:30Z">
          <reporter-output>
          </reporter-output>
        </test-method> <!-- categorySearchItemCompare -->
        <test-method status="PASS" signature="killBrowser()[pri:0, instance:com.nagarro.nagp.tests.TestHomePage@6fadae5d]" name="killBrowser" is-config="true" duration-ms="673" started-at="2020-03-26T08:28:30Z" finished-at="2020-03-26T08:28:31Z">
          <reporter-output>
          </reporter-output>
        </test-method> <!-- killBrowser -->
      </class> <!-- com.nagarro.nagp.tests.TestHomePage -->
    </test> <!-- Command line test -->
  </suite> <!-- com.nagarro.nagp.tests.TestHomePage -->
</testng-results>
